-------------------------------------------------------------------------------
Test set: org.sdrc.sparkai.sparkai.SparkaiApplicationTests
-------------------------------------------------------------------------------
Tests run: 1, Failures: 0, Errors: 1, Skipped: 0, Time elapsed: 0.962 s <<< FAILURE! - in org.sdrc.sparkai.sparkai.SparkaiApplicationTests
initializationError(org.sdrc.sparkai.sparkai.SparkaiApplicationTests)  Time elapsed: 0.001 s  <<< ERROR!
java.lang.IllegalStateException: Unable to find a @SpringBootConfiguration, you need to use @ContextConfiguration or @SpringBootTest(classes=...) with your test

